d:\users\desktop\recognition\debug\recognition.pch
d:\users\desktop\recognition\debug\vc120.pdb
d:\users\desktop\recognition\debug\vc120.idb
d:\users\desktop\recognition\debug\stdafx.obj
d:\users\desktop\recognition\debug\first.obj
d:\users\desktop\recognition\debug\mysheet.obj
d:\users\desktop\recognition\debug\recognition.obj
d:\users\desktop\recognition\debug\recognitiondlg.obj
d:\users\desktop\recognition\debug\second.obj
d:\users\desktop\recognition\debug\third.obj
d:\users\desktop\recognition\debug\recognition.ilk
d:\users\desktop\recognition\debug\recognition.exe
d:\users\desktop\recognition\debug\recognition.pdb
d:\users\desktop\recognition\debug\recognition.res
d:\users\desktop\recognition\debug\recognition.tlog\cl.command.1.tlog
d:\users\desktop\recognition\debug\recognition.tlog\cl.read.1.tlog
d:\users\desktop\recognition\debug\recognition.tlog\cl.write.1.tlog
d:\users\desktop\recognition\debug\recognition.tlog\link.command.1.tlog
d:\users\desktop\recognition\debug\recognition.tlog\link.read.1.tlog
d:\users\desktop\recognition\debug\recognition.tlog\link.write.1.tlog
d:\users\desktop\recognition\debug\recognition.tlog\rc.command.1.tlog
d:\users\desktop\recognition\debug\recognition.tlog\rc.read.1.tlog
d:\users\desktop\recognition\debug\recognition.tlog\rc.write.1.tlog
